{"/home/kingsx/Projects/fythclothing/fyth-web/src/App.jsx": {"path":"/home/kingsx/Projects/fythclothing/fyth-web/src/App.jsx","statementMap":{"0":{"start":{"line":10,"column":2},"end":{"line":19,"column":null}}},"fnMap":{"0":{"name":"App","decl":{"start":{"line":9,"column":9},"end":{"line":9,"column":15}},"loc":{"start":{"line":9,"column":15},"end":{"line":21,"column":null}},"line":9}},"branchMap":{},"s":{"0":2},"f":{"0":2},"b":{},"meta":{"lastBranch":0,"lastFunction":1,"lastStatement":1,"seen":{"f:9:9:9:15":0,"s:10:2:19:Infinity":0},"fnNames":{}}}
,"/home/kingsx/Projects/fythclothing/fyth-web/src/components/Footer.jsx": {"path":"/home/kingsx/Projects/fythclothing/fyth-web/src/components/Footer.jsx","statementMap":{"0":{"start":{"line":4,"column":6},"end":{"line":92,"column":null}},"1":{"start":{"line":5,"column":22},"end":{"line":12,"column":null}},"2":{"start":{"line":14,"column":2},"end":{"line":90,"column":null}},"3":{"start":{"line":35,"column":12},"end":{"line":49,"column":null}},"4":{"start":{"line":39,"column":18},"end":{"line":46,"column":null}}},"fnMap":{"0":{"name":"(anonymous_0)","decl":{"start":{"line":4,"column":6},"end":{"line":4,"column":21}},"loc":{"start":{"line":4,"column":21},"end":{"line":92,"column":null}},"line":4},"1":{"name":"(anonymous_1)","decl":{"start":{"line":34,"column":39},"end":{"line":34,"column":44}},"loc":{"start":{"line":35,"column":12},"end":{"line":49,"column":null}},"line":35},"2":{"name":"(anonymous_2)","decl":{"start":{"line":38,"column":23},"end":{"line":38,"column":28}},"loc":{"start":{"line":39,"column":18},"end":{"line":46,"column":null}},"line":39}},"branchMap":{},"s":{"0":1,"1":2,"2":2,"3":2,"4":8},"f":{"0":2,"1":2,"2":8},"b":{},"meta":{"lastBranch":0,"lastFunction":3,"lastStatement":5,"seen":{"s:4:6:92:Infinity":0,"f:4:6:4:21":0,"s:5:22:12:Infinity":1,"s:14:2:90:Infinity":2,"f:34:39:34:44":1,"s:35:12:49:Infinity":3,"f:38:23:38:28":2,"s:39:18:46:Infinity":4},"fnNames":{}}}
,"/home/kingsx/Projects/fythclothing/fyth-web/src/components/Header.jsx": {"path":"/home/kingsx/Projects/fythclothing/fyth-web/src/components/Header.jsx","statementMap":{"0":{"start":{"line":6,"column":6},"end":{"line":72,"column":null}},"1":{"start":{"line":7,"column":34},"end":{"line":7,"column":null}},"2":{"start":{"line":8,"column":19},"end":{"line":14,"column":null}},"3":{"start":{"line":16,"column":2},"end":{"line":20,"column":null}},"4":{"start":{"line":17,"column":10},"end":{"line":17,"column":null}},"5":{"start":{"line":17,"column":31},"end":{"line":17,"column":null}},"6":{"start":{"line":18,"column":4},"end":{"line":18,"column":null}},"7":{"start":{"line":19,"column":4},"end":{"line":19,"column":null}},"8":{"start":{"line":19,"column":17},"end":{"line":19,"column":null}},"9":{"start":{"line":22,"column":2},"end":{"line":70,"column":null}},"10":{"start":{"line":33,"column":12},"end":{"line":45,"column":null}},"11":{"start":{"line":37,"column":16},"end":{"line":40,"column":null}}},"fnMap":{"0":{"name":"(anonymous_0)","decl":{"start":{"line":6,"column":6},"end":{"line":6,"column":21}},"loc":{"start":{"line":6,"column":21},"end":{"line":72,"column":null}},"line":6},"1":{"name":"(anonymous_1)","decl":{"start":{"line":16,"column":2},"end":{"line":16,"column":18}},"loc":{"start":{"line":16,"column":18},"end":{"line":20,"column":5}},"line":16},"2":{"name":"(anonymous_2)","decl":{"start":{"line":17,"column":10},"end":{"line":17,"column":31}},"loc":{"start":{"line":17,"column":31},"end":{"line":17,"column":null}},"line":17},"3":{"name":"(anonymous_3)","decl":{"start":{"line":19,"column":4},"end":{"line":19,"column":17}},"loc":{"start":{"line":19,"column":17},"end":{"line":19,"column":null}},"line":19},"4":{"name":"(anonymous_4)","decl":{"start":{"line":32,"column":20},"end":{"line":32,"column":25}},"loc":{"start":{"line":33,"column":12},"end":{"line":45,"column":null}},"line":33},"5":{"name":"(anonymous_5)","decl":{"start":{"line":36,"column":14},"end":{"line":36,"column":26}},"loc":{"start":{"line":37,"column":16},"end":{"line":40,"column":null}},"line":37}},"branchMap":{"0":{"loc":{"start":{"line":24,"column":119},"end":{"line":24,"column":null}},"type":"cond-expr","locations":[{"start":{"line":24,"column":130},"end":{"line":24,"column":160}},{"start":{"line":24,"column":160},"end":{"line":24,"column":null}}],"line":24},"1":{"loc":{"start":{"line":38,"column":18},"end":{"line":40,"column":null}},"type":"cond-expr","locations":[{"start":{"line":39,"column":22},"end":{"line":39,"column":null}},{"start":{"line":40,"column":22},"end":{"line":40,"column":null}}],"line":38}},"s":{"0":1,"1":2,"2":2,"3":2,"4":2,"5":0,"6":2,"7":2,"8":2,"9":2,"10":10,"11":10},"f":{"0":2,"1":2,"2":0,"3":2,"4":10,"5":10},"b":{"0":[0,2],"1":[2,8]},"meta":{"lastBranch":2,"lastFunction":6,"lastStatement":12,"seen":{"s:6:6:72:Infinity":0,"f:6:6:6:21":0,"s:7:34:7:Infinity":1,"s:8:19:14:Infinity":2,"s:16:2:20:Infinity":3,"f:16:2:16:18":1,"s:17:10:17:Infinity":4,"f:17:10:17:31":2,"s:17:31:17:Infinity":5,"s:18:4:18:Infinity":6,"s:19:4:19:Infinity":7,"f:19:4:19:17":3,"s:19:17:19:Infinity":8,"s:22:2:70:Infinity":9,"b:24:130:24:160:24:160:24:Infinity":0,"f:32:20:32:25":4,"s:33:12:45:Infinity":10,"f:36:14:36:26":5,"s:37:16:40:Infinity":11,"b:39:22:39:Infinity:40:22:40:Infinity":1},"fnNames":{}}}
,"/home/kingsx/Projects/fythclothing/fyth-web/src/components/Layout.jsx": {"path":"/home/kingsx/Projects/fythclothing/fyth-web/src/components/Layout.jsx","statementMap":{"0":{"start":{"line":4,"column":6},"end":{"line":12,"column":null}},"1":{"start":{"line":5,"column":2},"end":{"line":10,"column":null}}},"fnMap":{"0":{"name":"(anonymous_0)","decl":{"start":{"line":4,"column":6},"end":{"line":4,"column":16}},"loc":{"start":{"line":4,"column":33},"end":{"line":12,"column":null}},"line":4}},"branchMap":{},"s":{"0":1,"1":2},"f":{"0":2},"b":{},"meta":{"lastBranch":0,"lastFunction":1,"lastStatement":2,"seen":{"s:4:6:12:Infinity":0,"f:4:6:4:16":0,"s:5:2:10:Infinity":1},"fnNames":{}}}
,"/home/kingsx/Projects/fythclothing/fyth-web/src/components/Logo.jsx": {"path":"/home/kingsx/Projects/fythclothing/fyth-web/src/components/Logo.jsx","statementMap":{"0":{"start":{"line":1,"column":6},"end":{"line":18,"column":null}},"1":{"start":{"line":2,"column":18},"end":{"line":2,"column":null}},"2":{"start":{"line":3,"column":2},"end":{"line":16,"column":null}}},"fnMap":{"0":{"name":"(anonymous_0)","decl":{"start":{"line":1,"column":6},"end":{"line":1,"column":14}},"loc":{"start":{"line":1,"column":58},"end":{"line":18,"column":null}},"line":1}},"branchMap":{"0":{"loc":{"start":{"line":1,"column":16},"end":{"line":1,"column":32}},"type":"default-arg","locations":[{"start":{"line":1,"column":28},"end":{"line":1,"column":32}}],"line":1},"1":{"loc":{"start":{"line":1,"column":32},"end":{"line":1,"column":58}},"type":"default-arg","locations":[{"start":{"line":1,"column":42},"end":{"line":1,"column":58}}],"line":1}},"s":{"0":1,"1":2,"2":2},"f":{"0":2},"b":{"0":[2],"1":[2]},"meta":{"lastBranch":2,"lastFunction":1,"lastStatement":3,"seen":{"s:1:6:18:Infinity":0,"f:1:6:1:14":0,"b:1:28:1:32":0,"b:1:42:1:58":1,"s:2:18:2:Infinity":1,"s:3:2:16:Infinity":2},"fnNames":{}}}
,"/home/kingsx/Projects/fythclothing/fyth-web/src/components/MobileMenu.jsx": {"path":"/home/kingsx/Projects/fythclothing/fyth-web/src/components/MobileMenu.jsx","statementMap":{"0":{"start":{"line":4,"column":6},"end":{"line":71,"column":null}},"1":{"start":{"line":5,"column":26},"end":{"line":5,"column":null}},"2":{"start":{"line":6,"column":18},"end":{"line":6,"column":null}},"3":{"start":{"line":8,"column":2},"end":{"line":25,"column":null}},"4":{"start":{"line":9,"column":10},"end":{"line":13,"column":null}},"5":{"start":{"line":10,"column":6},"end":{"line":12,"column":null}},"6":{"start":{"line":11,"column":8},"end":{"line":11,"column":null}},"7":{"start":{"line":14,"column":10},"end":{"line":16,"column":null}},"8":{"start":{"line":15,"column":6},"end":{"line":15,"column":null}},"9":{"start":{"line":15,"column":30},"end":{"line":15,"column":null}},"10":{"start":{"line":17,"column":4},"end":{"line":20,"column":null}},"11":{"start":{"line":18,"column":6},"end":{"line":18,"column":null}},"12":{"start":{"line":19,"column":6},"end":{"line":19,"column":null}},"13":{"start":{"line":21,"column":4},"end":{"line":24,"column":null}},"14":{"start":{"line":22,"column":6},"end":{"line":22,"column":null}},"15":{"start":{"line":23,"column":6},"end":{"line":23,"column":null}},"16":{"start":{"line":27,"column":8},"end":{"line":27,"column":null}},"17":{"start":{"line":27,"column":31},"end":{"line":27,"column":null}},"18":{"start":{"line":29,"column":2},"end":{"line":69,"column":null}},"19":{"start":{"line":32,"column":23},"end":{"line":32,"column":null}},"20":{"start":{"line":45,"column":12},"end":{"line":58,"column":null}},"21":{"start":{"line":50,"column":16},"end":{"line":53,"column":null}}},"fnMap":{"0":{"name":"(anonymous_0)","decl":{"start":{"line":4,"column":6},"end":{"line":4,"column":20}},"loc":{"start":{"line":4,"column":37},"end":{"line":71,"column":null}},"line":4},"1":{"name":"(anonymous_1)","decl":{"start":{"line":8,"column":2},"end":{"line":8,"column":18}},"loc":{"start":{"line":8,"column":18},"end":{"line":25,"column":5}},"line":8},"2":{"name":"(anonymous_2)","decl":{"start":{"line":9,"column":10},"end":{"line":9,"column":25}},"loc":{"start":{"line":9,"column":31},"end":{"line":13,"column":null}},"line":9},"3":{"name":"(anonymous_3)","decl":{"start":{"line":14,"column":10},"end":{"line":14,"column":23}},"loc":{"start":{"line":14,"column":29},"end":{"line":16,"column":null}},"line":14},"4":{"name":"(anonymous_4)","decl":{"start":{"line":21,"column":4},"end":{"line":21,"column":17}},"loc":{"start":{"line":21,"column":17},"end":{"line":24,"column":null}},"line":21},"5":{"name":"(anonymous_5)","decl":{"start":{"line":27,"column":8},"end":{"line":27,"column":31}},"loc":{"start":{"line":27,"column":31},"end":{"line":27,"column":null}},"line":27},"6":{"name":"(anonymous_6)","decl":{"start":{"line":32,"column":8},"end":{"line":32,"column":23}},"loc":{"start":{"line":32,"column":23},"end":{"line":32,"column":null}},"line":32},"7":{"name":"(anonymous_7)","decl":{"start":{"line":44,"column":20},"end":{"line":44,"column":25}},"loc":{"start":{"line":45,"column":12},"end":{"line":58,"column":null}},"line":45},"8":{"name":"(anonymous_8)","decl":{"start":{"line":49,"column":14},"end":{"line":49,"column":26}},"loc":{"start":{"line":50,"column":16},"end":{"line":53,"column":null}},"line":50}},"branchMap":{"0":{"loc":{"start":{"line":10,"column":6},"end":{"line":12,"column":null}},"type":"if","locations":[{"start":{"line":10,"column":6},"end":{"line":12,"column":null}},{"start":{},"end":{}}],"line":10},"1":{"loc":{"start":{"line":10,"column":10},"end":{"line":10,"column":66}},"type":"binary-expr","locations":[{"start":{"line":10,"column":10},"end":{"line":10,"column":29}},{"start":{"line":10,"column":29},"end":{"line":10,"column":66}}],"line":10},"2":{"loc":{"start":{"line":15,"column":6},"end":{"line":15,"column":null}},"type":"if","locations":[{"start":{"line":15,"column":6},"end":{"line":15,"column":null}},{"start":{},"end":{}}],"line":15},"3":{"loc":{"start":{"line":17,"column":4},"end":{"line":20,"column":null}},"type":"if","locations":[{"start":{"line":17,"column":4},"end":{"line":20,"column":null}},{"start":{},"end":{}}],"line":17},"4":{"loc":{"start":{"line":34,"column":20},"end":{"line":34,"column":null}},"type":"cond-expr","locations":[{"start":{"line":34,"column":27},"end":{"line":34,"column":42}},{"start":{"line":34,"column":42},"end":{"line":34,"column":null}}],"line":34},"5":{"loc":{"start":{"line":42,"column":7},"end":{"line":69,"column":null}},"type":"binary-expr","locations":[{"start":{"line":42,"column":7},"end":{"line":42,"column":null}},{"start":{"line":43,"column":8},"end":{"line":69,"column":null}}],"line":42},"6":{"loc":{"start":{"line":51,"column":18},"end":{"line":53,"column":null}},"type":"cond-expr","locations":[{"start":{"line":52,"column":22},"end":{"line":52,"column":null}},{"start":{"line":53,"column":22},"end":{"line":53,"column":null}}],"line":51}},"s":{"0":1,"1":2,"2":2,"3":2,"4":2,"5":0,"6":0,"7":2,"8":0,"9":0,"10":2,"11":0,"12":0,"13":2,"14":2,"15":2,"16":2,"17":0,"18":2,"19":0,"20":0,"21":0},"f":{"0":2,"1":2,"2":0,"3":0,"4":2,"5":0,"6":0,"7":0,"8":0},"b":{"0":[0,0],"1":[0,0],"2":[0,0],"3":[0,2],"4":[0,2],"5":[2,0],"6":[0,0]},"meta":{"lastBranch":7,"lastFunction":9,"lastStatement":22,"seen":{"s:4:6:71:Infinity":0,"f:4:6:4:20":0,"s:5:26:5:Infinity":1,"s:6:18:6:Infinity":2,"s:8:2:25:Infinity":3,"f:8:2:8:18":1,"s:9:10:13:Infinity":4,"f:9:10:9:25":2,"b:10:6:12:Infinity:undefined:undefined:undefined:undefined":0,"s:10:6:12:Infinity":5,"b:10:10:10:29:10:29:10:66":1,"s:11:8:11:Infinity":6,"s:14:10:16:Infinity":7,"f:14:10:14:23":3,"b:15:6:15:Infinity:undefined:undefined:undefined:undefined":2,"s:15:6:15:Infinity":8,"s:15:30:15:Infinity":9,"b:17:4:20:Infinity:undefined:undefined:undefined:undefined":3,"s:17:4:20:Infinity":10,"s:18:6:18:Infinity":11,"s:19:6:19:Infinity":12,"s:21:4:24:Infinity":13,"f:21:4:21:17":4,"s:22:6:22:Infinity":14,"s:23:6:23:Infinity":15,"s:27:8:27:Infinity":16,"f:27:8:27:31":5,"s:27:31:27:Infinity":17,"s:29:2:69:Infinity":18,"f:32:8:32:23":6,"s:32:23:32:Infinity":19,"b:34:27:34:42:34:42:34:Infinity":4,"b:42:7:42:Infinity:43:8:69:Infinity":5,"f:44:20:44:25":7,"s:45:12:58:Infinity":20,"f:49:14:49:26":8,"s:50:16:53:Infinity":21,"b:52:22:52:Infinity:53:22:53:Infinity":6},"fnNames":{}}}
,"/home/kingsx/Projects/fythclothing/fyth-web/src/components/SEO.jsx": {"path":"/home/kingsx/Projects/fythclothing/fyth-web/src/components/SEO.jsx","statementMap":{"0":{"start":{"line":3,"column":6},"end":{"line":22,"column":null}},"1":{"start":{"line":4,"column":2},"end":{"line":19,"column":null}},"2":{"start":{"line":5,"column":22},"end":{"line":7,"column":null}},"3":{"start":{"line":8,"column":4},"end":{"line":8,"column":null}},"4":{"start":{"line":10,"column":4},"end":{"line":18,"column":null}},"5":{"start":{"line":11,"column":17},"end":{"line":11,"column":null}},"6":{"start":{"line":12,"column":6},"end":{"line":16,"column":null}},"7":{"start":{"line":13,"column":8},"end":{"line":13,"column":null}},"8":{"start":{"line":14,"column":8},"end":{"line":14,"column":null}},"9":{"start":{"line":15,"column":8},"end":{"line":15,"column":null}},"10":{"start":{"line":17,"column":6},"end":{"line":17,"column":null}},"11":{"start":{"line":21,"column":2},"end":{"line":21,"column":null}}},"fnMap":{"0":{"name":"(anonymous_0)","decl":{"start":{"line":3,"column":6},"end":{"line":3,"column":13}},"loc":{"start":{"line":3,"column":40},"end":{"line":22,"column":null}},"line":3},"1":{"name":"(anonymous_1)","decl":{"start":{"line":4,"column":2},"end":{"line":4,"column":18}},"loc":{"start":{"line":4,"column":18},"end":{"line":19,"column":5}},"line":4}},"branchMap":{"0":{"loc":{"start":{"line":5,"column":22},"end":{"line":7,"column":null}},"type":"cond-expr","locations":[{"start":{"line":6,"column":8},"end":{"line":6,"column":null}},{"start":{"line":7,"column":8},"end":{"line":7,"column":null}}],"line":5},"1":{"loc":{"start":{"line":10,"column":4},"end":{"line":18,"column":null}},"type":"if","locations":[{"start":{"line":10,"column":4},"end":{"line":18,"column":null}},{"start":{},"end":{}}],"line":10},"2":{"loc":{"start":{"line":12,"column":6},"end":{"line":16,"column":null}},"type":"if","locations":[{"start":{"line":12,"column":6},"end":{"line":16,"column":null}},{"start":{},"end":{}}],"line":12}},"s":{"0":1,"1":2,"2":2,"3":2,"4":2,"5":2,"6":2,"7":1,"8":1,"9":1,"10":2,"11":2},"f":{"0":2,"1":2},"b":{"0":[2,0],"1":[2,0],"2":[1,1]},"meta":{"lastBranch":3,"lastFunction":2,"lastStatement":12,"seen":{"s:3:6:22:Infinity":0,"f:3:6:3:13":0,"s:4:2:19:Infinity":1,"f:4:2:4:18":1,"s:5:22:7:Infinity":2,"b:6:8:6:Infinity:7:8:7:Infinity":0,"s:8:4:8:Infinity":3,"b:10:4:18:Infinity:undefined:undefined:undefined:undefined":1,"s:10:4:18:Infinity":4,"s:11:17:11:Infinity":5,"b:12:6:16:Infinity:undefined:undefined:undefined:undefined":2,"s:12:6:16:Infinity":6,"s:13:8:13:Infinity":7,"s:14:8:14:Infinity":8,"s:15:8:15:Infinity":9,"s:17:6:17:Infinity":10,"s:21:2:21:Infinity":11},"fnNames":{}}}
,"/home/kingsx/Projects/fythclothing/fyth-web/src/pages/About.jsx": {"path":"/home/kingsx/Projects/fythclothing/fyth-web/src/pages/About.jsx","statementMap":{"0":{"start":{"line":4,"column":6},"end":{"line":194,"column":null}},"1":{"start":{"line":5,"column":2},"end":{"line":192,"column":null}}},"fnMap":{"0":{"name":"(anonymous_0)","decl":{"start":{"line":4,"column":6},"end":{"line":4,"column":20}},"loc":{"start":{"line":4,"column":20},"end":{"line":194,"column":null}},"line":4}},"branchMap":{},"s":{"0":1,"1":0},"f":{"0":0},"b":{},"meta":{"lastBranch":0,"lastFunction":1,"lastStatement":2,"seen":{"s:4:6:194:Infinity":0,"f:4:6:4:20":0,"s:5:2:192:Infinity":1},"fnNames":{}}}
,"/home/kingsx/Projects/fythclothing/fyth-web/src/pages/Collections.jsx": {"path":"/home/kingsx/Projects/fythclothing/fyth-web/src/pages/Collections.jsx","statementMap":{"0":{"start":{"line":3,"column":6},"end":{"line":56,"column":null}},"1":{"start":{"line":4,"column":2},"end":{"line":54,"column":null}}},"fnMap":{"0":{"name":"(anonymous_0)","decl":{"start":{"line":3,"column":6},"end":{"line":3,"column":26}},"loc":{"start":{"line":3,"column":26},"end":{"line":56,"column":null}},"line":3}},"branchMap":{},"s":{"0":1,"1":0},"f":{"0":0},"b":{},"meta":{"lastBranch":0,"lastFunction":1,"lastStatement":2,"seen":{"s:3:6:56:Infinity":0,"f:3:6:3:26":0,"s:4:2:54:Infinity":1},"fnNames":{}}}
,"/home/kingsx/Projects/fythclothing/fyth-web/src/pages/Contact.jsx": {"path":"/home/kingsx/Projects/fythclothing/fyth-web/src/pages/Contact.jsx","statementMap":{"0":{"start":{"line":5,"column":6},"end":{"line":246,"column":null}},"1":{"start":{"line":6,"column":32},"end":{"line":6,"column":null}},"2":{"start":{"line":7,"column":36},"end":{"line":7,"column":null}},"3":{"start":{"line":9,"column":2},"end":{"line":11,"column":null}},"4":{"start":{"line":10,"column":4},"end":{"line":10,"column":null}},"5":{"start":{"line":13,"column":2},"end":{"line":244,"column":null}}},"fnMap":{"0":{"name":"(anonymous_0)","decl":{"start":{"line":5,"column":6},"end":{"line":5,"column":22}},"loc":{"start":{"line":5,"column":22},"end":{"line":246,"column":null}},"line":5}},"branchMap":{"0":{"loc":{"start":{"line":9,"column":2},"end":{"line":11,"column":null}},"type":"if","locations":[{"start":{"line":9,"column":2},"end":{"line":11,"column":null}},{"start":{},"end":{}}],"line":9},"1":{"loc":{"start":{"line":9,"column":6},"end":{"line":9,"column":37}},"type":"binary-expr","locations":[{"start":{"line":9,"column":6},"end":{"line":9,"column":25}},{"start":{"line":9,"column":25},"end":{"line":9,"column":37}}],"line":9},"2":{"loc":{"start":{"line":224,"column":19},"end":{"line":224,"column":null}},"type":"cond-expr","locations":[{"start":{"line":224,"column":38},"end":{"line":224,"column":53}},{"start":{"line":224,"column":53},"end":{"line":224,"column":null}}],"line":224},"3":{"loc":{"start":{"line":227,"column":17},"end":{"line":231,"column":null}},"type":"binary-expr","locations":[{"start":{"line":227,"column":17},"end":{"line":227,"column":null}},{"start":{"line":228,"column":18},"end":{"line":231,"column":null}}],"line":227},"4":{"loc":{"start":{"line":234,"column":17},"end":{"line":237,"column":null}},"type":"binary-expr","locations":[{"start":{"line":234,"column":17},"end":{"line":234,"column":33}},{"start":{"line":234,"column":33},"end":{"line":234,"column":null}},{"start":{"line":235,"column":18},"end":{"line":237,"column":null}}],"line":234}},"s":{"0":1,"1":0,"2":0,"3":0,"4":0,"5":0},"f":{"0":0},"b":{"0":[0,0],"1":[0,0],"2":[0,0],"3":[0,0],"4":[0,0,0]},"meta":{"lastBranch":5,"lastFunction":1,"lastStatement":6,"seen":{"s:5:6:246:Infinity":0,"f:5:6:5:22":0,"s:6:32:6:Infinity":1,"s:7:36:7:Infinity":2,"b:9:2:11:Infinity:undefined:undefined:undefined:undefined":0,"s:9:2:11:Infinity":3,"b:9:6:9:25:9:25:9:37":1,"s:10:4:10:Infinity":4,"s:13:2:244:Infinity":5,"b:224:38:224:53:224:53:224:Infinity":2,"b:227:17:227:Infinity:228:18:231:Infinity":3,"b:234:17:234:33:234:33:234:Infinity:235:18:237:Infinity":4},"fnNames":{}}}
,"/home/kingsx/Projects/fythclothing/fyth-web/src/pages/Home.jsx": {"path":"/home/kingsx/Projects/fythclothing/fyth-web/src/pages/Home.jsx","statementMap":{"0":{"start":{"line":5,"column":6},"end":{"line":451,"column":null}},"1":{"start":{"line":6,"column":38},"end":{"line":6,"column":null}},"2":{"start":{"line":7,"column":24},"end":{"line":7,"column":null}},"3":{"start":{"line":9,"column":4},"end":{"line":32,"column":null}},"4":{"start":{"line":10,"column":26},"end":{"line":10,"column":null}},"5":{"start":{"line":11,"column":8},"end":{"line":25,"column":null}},"6":{"start":{"line":12,"column":12},"end":{"line":21,"column":null}},"7":{"start":{"line":14,"column":20},"end":{"line":18,"column":null}},"8":{"start":{"line":15,"column":24},"end":{"line":17,"column":null}},"9":{"start":{"line":16,"column":28},"end":{"line":16,"column":null}},"10":{"start":{"line":16,"column":52},"end":{"line":16,"column":77}},"11":{"start":{"line":22,"column":12},"end":{"line":24,"column":null}},"12":{"start":{"line":23,"column":16},"end":{"line":23,"column":null}},"13":{"start":{"line":27,"column":8},"end":{"line":31,"column":null}},"14":{"start":{"line":28,"column":12},"end":{"line":30,"column":null}},"15":{"start":{"line":29,"column":16},"end":{"line":29,"column":null}},"16":{"start":{"line":29,"column":36},"end":{"line":29,"column":null}},"17":{"start":{"line":34,"column":18},"end":{"line":39,"column":null}},"18":{"start":{"line":41,"column":22},"end":{"line":57,"column":null}},"19":{"start":{"line":59,"column":21},"end":{"line":96,"column":null}},"20":{"start":{"line":98,"column":4},"end":{"line":449,"column":null}},"21":{"start":{"line":157,"column":28},"end":{"line":170,"column":null}},"22":{"start":{"line":181,"column":28},"end":{"line":194,"column":null}},"23":{"start":{"line":184,"column":46},"end":{"line":184,"column":null}},"24":{"start":{"line":203,"column":30},"end":{"line":203,"column":null}},"25":{"start":{"line":231,"column":28},"end":{"line":249,"column":null}},"26":{"start":{"line":258,"column":30},"end":{"line":258,"column":null}},"27":{"start":{"line":312,"column":30},"end":{"line":312,"column":null}},"28":{"start":{"line":333,"column":28},"end":{"line":350,"column":null}}},"fnMap":{"0":{"name":"(anonymous_0)","decl":{"start":{"line":5,"column":6},"end":{"line":5,"column":19}},"loc":{"start":{"line":5,"column":19},"end":{"line":451,"column":null}},"line":5},"1":{"name":"(anonymous_1)","decl":{"start":{"line":9,"column":4},"end":{"line":9,"column":20}},"loc":{"start":{"line":9,"column":20},"end":{"line":32,"column":7}},"line":9},"2":{"name":"(anonymous_2)","decl":{"start":{"line":11,"column":41},"end":{"line":11,"column":50}},"loc":{"start":{"line":11,"column":58},"end":{"line":25,"column":9}},"line":11},"3":{"name":"(anonymous_3)","decl":{"start":{"line":12,"column":33},"end":{"line":12,"column":null}},"loc":{"start":{"line":13,"column":29},"end":{"line":19,"column":null}},"line":13},"4":{"name":"(anonymous_4)","decl":{"start":{"line":14,"column":28},"end":{"line":14,"column":37}},"loc":{"start":{"line":14,"column":47},"end":{"line":18,"column":21}},"line":14},"5":{"name":"(anonymous_5)","decl":{"start":{"line":16,"column":28},"end":{"line":16,"column":42}},"loc":{"start":{"line":16,"column":52},"end":{"line":16,"column":77}},"line":16},"6":{"name":"(anonymous_6)","decl":{"start":{"line":27,"column":8},"end":{"line":27,"column":21}},"loc":{"start":{"line":27,"column":21},"end":{"line":31,"column":null}},"line":27},"7":{"name":"(anonymous_7)","decl":{"start":{"line":28,"column":35},"end":{"line":28,"column":44}},"loc":{"start":{"line":28,"column":52},"end":{"line":30,"column":13}},"line":28},"8":{"name":"(anonymous_8)","decl":{"start":{"line":156,"column":34},"end":{"line":156,"column":39}},"loc":{"start":{"line":157,"column":28},"end":{"line":170,"column":null}},"line":157},"9":{"name":"(anonymous_9)","decl":{"start":{"line":180,"column":31},"end":{"line":180,"column":36}},"loc":{"start":{"line":181,"column":28},"end":{"line":194,"column":null}},"line":181},"10":{"name":"(anonymous_10)","decl":{"start":{"line":184,"column":32},"end":{"line":184,"column":38}},"loc":{"start":{"line":184,"column":46},"end":{"line":184,"column":null}},"line":184},"11":{"name":"(anonymous_11)","decl":{"start":{"line":203,"column":16},"end":{"line":203,"column":22}},"loc":{"start":{"line":203,"column":30},"end":{"line":203,"column":null}},"line":203},"12":{"name":"(anonymous_12)","decl":{"start":{"line":230,"column":26},"end":{"line":230,"column":31}},"loc":{"start":{"line":231,"column":28},"end":{"line":249,"column":null}},"line":231},"13":{"name":"(anonymous_13)","decl":{"start":{"line":258,"column":16},"end":{"line":258,"column":22}},"loc":{"start":{"line":258,"column":30},"end":{"line":258,"column":null}},"line":258},"14":{"name":"(anonymous_14)","decl":{"start":{"line":312,"column":16},"end":{"line":312,"column":22}},"loc":{"start":{"line":312,"column":30},"end":{"line":312,"column":null}},"line":312},"15":{"name":"(anonymous_15)","decl":{"start":{"line":332,"column":35},"end":{"line":332,"column":40}},"loc":{"start":{"line":333,"column":28},"end":{"line":350,"column":null}},"line":333}},"branchMap":{"0":{"loc":{"start":{"line":15,"column":24},"end":{"line":17,"column":null}},"type":"if","locations":[{"start":{"line":15,"column":24},"end":{"line":17,"column":null}},{"start":{},"end":{}}],"line":15},"1":{"loc":{"start":{"line":22,"column":12},"end":{"line":24,"column":null}},"type":"if","locations":[{"start":{"line":22,"column":12},"end":{"line":24,"column":null}},{"start":{},"end":{}}],"line":22},"2":{"loc":{"start":{"line":29,"column":16},"end":{"line":29,"column":null}},"type":"if","locations":[{"start":{"line":29,"column":16},"end":{"line":29,"column":null}},{"start":{},"end":{}}],"line":29},"3":{"loc":{"start":{"line":187,"column":36},"end":{"line":187,"column":null}},"type":"cond-expr","locations":[{"start":{"line":187,"column":61},"end":{"line":187,"column":91}},{"start":{"line":187,"column":91},"end":{"line":187,"column":null}}],"line":187},"4":{"loc":{"start":{"line":207,"column":24},"end":{"line":207,"column":null}},"type":"cond-expr","locations":[{"start":{"line":207,"column":44},"end":{"line":207,"column":74}},{"start":{"line":207,"column":74},"end":{"line":207,"column":null}}],"line":207},"5":{"loc":{"start":{"line":234,"column":36},"end":{"line":234,"column":null}},"type":"cond-expr","locations":[{"start":{"line":234,"column":56},"end":{"line":234,"column":86}},{"start":{"line":234,"column":86},"end":{"line":234,"column":null}}],"line":234},"6":{"loc":{"start":{"line":262,"column":24},"end":{"line":262,"column":null}},"type":"cond-expr","locations":[{"start":{"line":262,"column":44},"end":{"line":262,"column":74}},{"start":{"line":262,"column":74},"end":{"line":262,"column":null}}],"line":262},"7":{"loc":{"start":{"line":316,"column":24},"end":{"line":316,"column":null}},"type":"cond-expr","locations":[{"start":{"line":316,"column":42},"end":{"line":316,"column":72}},{"start":{"line":316,"column":72},"end":{"line":316,"column":null}}],"line":316},"8":{"loc":{"start":{"line":336,"column":36},"end":{"line":336,"column":null}},"type":"cond-expr","locations":[{"start":{"line":336,"column":54},"end":{"line":336,"column":84}},{"start":{"line":336,"column":84},"end":{"line":336,"column":null}}],"line":336}},"s":{"0":1,"1":2,"2":2,"3":2,"4":2,"5":2,"6":14,"7":0,"8":0,"9":0,"10":0,"11":14,"12":14,"13":2,"14":2,"15":14,"16":14,"17":2,"18":2,"19":2,"20":2,"21":8,"22":8,"23":16,"24":4,"25":4,"26":4,"27":4,"28":6},"f":{"0":2,"1":2,"2":14,"3":0,"4":0,"5":0,"6":2,"7":14,"8":8,"9":8,"10":16,"11":4,"12":4,"13":4,"14":4,"15":6},"b":{"0":[0,0],"1":[14,0],"2":[14,0],"3":[0,8],"4":[0,2],"5":[0,4],"6":[0,2],"7":[0,2],"8":[0,6]},"meta":{"lastBranch":9,"lastFunction":16,"lastStatement":29,"seen":{"s:5:6:451:Infinity":0,"f:5:6:5:19":0,"s:6:38:6:Infinity":1,"s:7:24:7:Infinity":2,"s:9:4:32:Infinity":3,"f:9:4:9:20":1,"s:10:26:10:Infinity":4,"s:11:8:25:Infinity":5,"f:11:41:11:50":2,"s:12:12:21:Infinity":6,"f:12:33:12:Infinity":3,"s:14:20:18:Infinity":7,"f:14:28:14:37":4,"b:15:24:17:Infinity:undefined:undefined:undefined:undefined":0,"s:15:24:17:Infinity":8,"s:16:28:16:Infinity":9,"f:16:28:16:42":5,"s:16:52:16:77":10,"b:22:12:24:Infinity:undefined:undefined:undefined:undefined":1,"s:22:12:24:Infinity":11,"s:23:16:23:Infinity":12,"s:27:8:31:Infinity":13,"f:27:8:27:21":6,"s:28:12:30:Infinity":14,"f:28:35:28:44":7,"b:29:16:29:Infinity:undefined:undefined:undefined:undefined":2,"s:29:16:29:Infinity":15,"s:29:36:29:Infinity":16,"s:34:18:39:Infinity":17,"s:41:22:57:Infinity":18,"s:59:21:96:Infinity":19,"s:98:4:449:Infinity":20,"f:156:34:156:39":8,"s:157:28:170:Infinity":21,"f:180:31:180:36":9,"s:181:28:194:Infinity":22,"f:184:32:184:38":10,"s:184:46:184:Infinity":23,"b:187:61:187:91:187:91:187:Infinity":3,"f:203:16:203:22":11,"s:203:30:203:Infinity":24,"b:207:44:207:74:207:74:207:Infinity":4,"f:230:26:230:31":12,"s:231:28:249:Infinity":25,"b:234:56:234:86:234:86:234:Infinity":5,"f:258:16:258:22":13,"s:258:30:258:Infinity":26,"b:262:44:262:74:262:74:262:Infinity":6,"f:312:16:312:22":14,"s:312:30:312:Infinity":27,"b:316:42:316:72:316:72:316:Infinity":7,"f:332:35:332:40":15,"s:333:28:350:Infinity":28,"b:336:54:336:84:336:84:336:Infinity":8},"fnNames":{}}}
,"/home/kingsx/Projects/fythclothing/fyth-web/src/pages/Registration.jsx": {"path":"/home/kingsx/Projects/fythclothing/fyth-web/src/pages/Registration.jsx","statementMap":{"0":{"start":{"line":6,"column":6},"end":{"line":1070,"column":null}},"1":{"start":{"line":7,"column":34},"end":{"line":58,"column":null}},"2":{"start":{"line":60,"column":30},"end":{"line":60,"column":null}},"3":{"start":{"line":61,"column":42},"end":{"line":61,"column":null}},"4":{"start":{"line":62,"column":40},"end":{"line":62,"column":null}},"5":{"start":{"line":63,"column":58},"end":{"line":63,"column":null}},"6":{"start":{"line":65,"column":8},"end":{"line":81,"column":null}},"7":{"start":{"line":66,"column":43},"end":{"line":66,"column":null}},"8":{"start":{"line":68,"column":4},"end":{"line":75,"column":null}},"9":{"start":{"line":69,"column":31},"end":{"line":71,"column":null}},"10":{"start":{"line":71,"column":54},"end":{"line":71,"column":68}},"11":{"start":{"line":72,"column":6},"end":{"line":72,"column":null}},"12":{"start":{"line":72,"column":29},"end":{"line":72,"column":78}},"13":{"start":{"line":74,"column":6},"end":{"line":74,"column":null}},"14":{"start":{"line":74,"column":29},"end":{"line":74,"column":56}},"15":{"start":{"line":78,"column":4},"end":{"line":80,"column":null}},"16":{"start":{"line":79,"column":6},"end":{"line":79,"column":null}},"17":{"start":{"line":79,"column":27},"end":{"line":79,"column":51}},"18":{"start":{"line":83,"column":23},"end":{"line":155,"column":null}},"19":{"start":{"line":84,"column":4},"end":{"line":84,"column":null}},"20":{"start":{"line":85,"column":4},"end":{"line":85,"column":null}},"21":{"start":{"line":86,"column":4},"end":{"line":86,"column":null}},"22":{"start":{"line":89,"column":22},"end":{"line":89,"column":null}},"23":{"start":{"line":92,"column":27},"end":{"line":99,"column":null}},"24":{"start":{"line":101,"column":4},"end":{"line":105,"column":null}},"25":{"start":{"line":102,"column":6},"end":{"line":104,"column":null}},"26":{"start":{"line":103,"column":8},"end":{"line":103,"column":null}},"27":{"start":{"line":107,"column":4},"end":{"line":109,"column":null}},"28":{"start":{"line":108,"column":6},"end":{"line":108,"column":null}},"29":{"start":{"line":111,"column":4},"end":{"line":113,"column":null}},"30":{"start":{"line":112,"column":6},"end":{"line":112,"column":null}},"31":{"start":{"line":116,"column":4},"end":{"line":118,"column":null}},"32":{"start":{"line":117,"column":6},"end":{"line":117,"column":null}},"33":{"start":{"line":121,"column":4},"end":{"line":123,"column":null}},"34":{"start":{"line":122,"column":6},"end":{"line":122,"column":null}},"35":{"start":{"line":125,"column":4},"end":{"line":125,"column":null}},"36":{"start":{"line":127,"column":4},"end":{"line":154,"column":null}},"37":{"start":{"line":128,"column":6},"end":{"line":128,"column":null}},"38":{"start":{"line":129,"column":6},"end":{"line":150,"column":null}},"39":{"start":{"line":130,"column":8},"end":{"line":130,"column":null}},"40":{"start":{"line":131,"column":8},"end":{"line":131,"column":null}},"41":{"start":{"line":134,"column":24},"end":{"line":134,"column":null}},"42":{"start":{"line":135,"column":20},"end":{"line":135,"column":null}},"43":{"start":{"line":136,"column":18},"end":{"line":136,"column":null}},"44":{"start":{"line":137,"column":8},"end":{"line":137,"column":null}},"45":{"start":{"line":138,"column":8},"end":{"line":138,"column":null}},"46":{"start":{"line":139,"column":8},"end":{"line":139,"column":null}},"47":{"start":{"line":140,"column":8},"end":{"line":140,"column":null}},"48":{"start":{"line":141,"column":8},"end":{"line":141,"column":null}},"49":{"start":{"line":142,"column":8},"end":{"line":142,"column":null}},"50":{"start":{"line":144,"column":8},"end":{"line":144,"column":null}},"51":{"start":{"line":146,"column":8},"end":{"line":146,"column":null}},"52":{"start":{"line":147,"column":24},"end":{"line":147,"column":null}},"53":{"start":{"line":148,"column":8},"end":{"line":148,"column":null}},"54":{"start":{"line":149,"column":8},"end":{"line":149,"column":null}},"55":{"start":{"line":152,"column":6},"end":{"line":152,"column":null}},"56":{"start":{"line":153,"column":6},"end":{"line":153,"column":null}},"57":{"start":{"line":158,"column":8},"end":{"line":162,"column":null}},"58":{"start":{"line":159,"column":16},"end":{"line":159,"column":null}},"59":{"start":{"line":160,"column":17},"end":{"line":160,"column":null}},"60":{"start":{"line":161,"column":4},"end":{"line":161,"column":null}},"61":{"start":{"line":164,"column":2},"end":{"line":166,"column":null}},"62":{"start":{"line":165,"column":4},"end":{"line":165,"column":null}},"63":{"start":{"line":165,"column":25},"end":{"line":165,"column":66}},"64":{"start":{"line":168,"column":26},"end":{"line":180,"column":null}},"65":{"start":{"line":182,"column":23},"end":{"line":182,"column":null}},"66":{"start":{"line":183,"column":30},"end":{"line":183,"column":null}},"67":{"start":{"line":184,"column":31},"end":{"line":184,"column":null}},"68":{"start":{"line":186,"column":2},"end":{"line":1068,"column":null}},"69":{"start":{"line":272,"column":33},"end":{"line":272,"column":null}},"70":{"start":{"line":501,"column":24},"end":{"line":503,"column":null}},"71":{"start":{"line":538,"column":25},"end":{"line":548,"column":null}},"72":{"start":{"line":595,"column":24},"end":{"line":597,"column":null}},"73":{"start":{"line":861,"column":24},"end":{"line":863,"column":null}},"74":{"start":{"line":891,"column":39},"end":{"line":891,"column":null}},"75":{"start":{"line":891,"column":60},"end":{"line":891,"column":110}}},"fnMap":{"0":{"name":"(anonymous_0)","decl":{"start":{"line":6,"column":6},"end":{"line":6,"column":27}},"loc":{"start":{"line":6,"column":27},"end":{"line":1070,"column":null}},"line":6},"1":{"name":"(anonymous_1)","decl":{"start":{"line":65,"column":8},"end":{"line":65,"column":24}},"loc":{"start":{"line":65,"column":30},"end":{"line":81,"column":null}},"line":65},"2":{"name":"(anonymous_2)","decl":{"start":{"line":71,"column":37},"end":{"line":71,"column":45}},"loc":{"start":{"line":71,"column":54},"end":{"line":71,"column":68}},"line":71},"3":{"name":"(anonymous_3)","decl":{"start":{"line":72,"column":6},"end":{"line":72,"column":19}},"loc":{"start":{"line":72,"column":29},"end":{"line":72,"column":78}},"line":72},"4":{"name":"(anonymous_4)","decl":{"start":{"line":74,"column":6},"end":{"line":74,"column":19}},"loc":{"start":{"line":74,"column":29},"end":{"line":74,"column":56}},"line":74},"5":{"name":"(anonymous_5)","decl":{"start":{"line":79,"column":6},"end":{"line":79,"column":17}},"loc":{"start":{"line":79,"column":27},"end":{"line":79,"column":51}},"line":79},"6":{"name":"(anonymous_6)","decl":{"start":{"line":83,"column":23},"end":{"line":83,"column":30}},"loc":{"start":{"line":83,"column":36},"end":{"line":155,"column":null}},"line":83},"7":{"name":"(anonymous_7)","decl":{"start":{"line":101,"column":19},"end":{"line":101,"column":27}},"loc":{"start":{"line":101,"column":36},"end":{"line":105,"column":5}},"line":101},"8":{"name":"(anonymous_8)","decl":{"start":{"line":158,"column":8},"end":{"line":158,"column":33}},"loc":{"start":{"line":158,"column":33},"end":{"line":162,"column":null}},"line":158},"9":{"name":"(anonymous_9)","decl":{"start":{"line":164,"column":2},"end":{"line":164,"column":18}},"loc":{"start":{"line":164,"column":18},"end":{"line":166,"column":5}},"line":164},"10":{"name":"(anonymous_10)","decl":{"start":{"line":165,"column":4},"end":{"line":165,"column":16}},"loc":{"start":{"line":165,"column":25},"end":{"line":165,"column":66}},"line":165},"11":{"name":"(anonymous_11)","decl":{"start":{"line":272,"column":16},"end":{"line":272,"column":27}},"loc":{"start":{"line":272,"column":33},"end":{"line":272,"column":null}},"line":272},"12":{"name":"(anonymous_12)","decl":{"start":{"line":500,"column":36},"end":{"line":500,"column":41}},"loc":{"start":{"line":501,"column":24},"end":{"line":503,"column":null}},"line":501},"13":{"name":"(anonymous_13)","decl":{"start":{"line":537,"column":40},"end":{"line":537,"column":45}},"loc":{"start":{"line":538,"column":25},"end":{"line":548,"column":null}},"line":538},"14":{"name":"(anonymous_14)","decl":{"start":{"line":594,"column":43},"end":{"line":594,"column":48}},"loc":{"start":{"line":595,"column":24},"end":{"line":597,"column":null}},"line":595},"15":{"name":"(anonymous_15)","decl":{"start":{"line":860,"column":44},"end":{"line":860,"column":49}},"loc":{"start":{"line":861,"column":24},"end":{"line":863,"column":null}},"line":861},"16":{"name":"(anonymous_16)","decl":{"start":{"line":891,"column":22},"end":{"line":891,"column":33}},"loc":{"start":{"line":891,"column":39},"end":{"line":891,"column":null}},"line":891},"17":{"name":"(anonymous_17)","decl":{"start":{"line":891,"column":39},"end":{"line":891,"column":51}},"loc":{"start":{"line":891,"column":60},"end":{"line":891,"column":110}},"line":891}},"branchMap":{"0":{"loc":{"start":{"line":68,"column":4},"end":{"line":75,"column":null}},"type":"if","locations":[{"start":{"line":68,"column":4},"end":{"line":75,"column":null}},{"start":{"line":73,"column":11},"end":{"line":75,"column":null}}],"line":68},"1":{"loc":{"start":{"line":69,"column":31},"end":{"line":71,"column":null}},"type":"cond-expr","locations":[{"start":{"line":70,"column":10},"end":{"line":70,"column":null}},{"start":{"line":71,"column":10},"end":{"line":71,"column":null}}],"line":69},"2":{"loc":{"start":{"line":78,"column":4},"end":{"line":80,"column":null}},"type":"if","locations":[{"start":{"line":78,"column":4},"end":{"line":80,"column":null}},{"start":{},"end":{}}],"line":78},"3":{"loc":{"start":{"line":102,"column":6},"end":{"line":104,"column":null}},"type":"if","locations":[{"start":{"line":102,"column":6},"end":{"line":104,"column":null}},{"start":{},"end":{}}],"line":102},"4":{"loc":{"start":{"line":102,"column":10},"end":{"line":102,"column":102}},"type":"binary-expr","locations":[{"start":{"line":102,"column":10},"end":{"line":102,"column":31}},{"start":{"line":102,"column":31},"end":{"line":102,"column":70}},{"start":{"line":102,"column":70},"end":{"line":102,"column":102}}],"line":102},"5":{"loc":{"start":{"line":107,"column":4},"end":{"line":109,"column":null}},"type":"if","locations":[{"start":{"line":107,"column":4},"end":{"line":109,"column":null}},{"start":{},"end":{}}],"line":107},"6":{"loc":{"start":{"line":111,"column":4},"end":{"line":113,"column":null}},"type":"if","locations":[{"start":{"line":111,"column":4},"end":{"line":113,"column":null}},{"start":{},"end":{}}],"line":111},"7":{"loc":{"start":{"line":116,"column":4},"end":{"line":118,"column":null}},"type":"if","locations":[{"start":{"line":116,"column":4},"end":{"line":118,"column":null}},{"start":{},"end":{}}],"line":116},"8":{"loc":{"start":{"line":116,"column":8},"end":{"line":116,"column":78}},"type":"binary-expr","locations":[{"start":{"line":116,"column":8},"end":{"line":116,"column":26}},{"start":{"line":116,"column":26},"end":{"line":116,"column":78}}],"line":116},"9":{"loc":{"start":{"line":121,"column":4},"end":{"line":123,"column":null}},"type":"if","locations":[{"start":{"line":121,"column":4},"end":{"line":123,"column":null}},{"start":{},"end":{}}],"line":121},"10":{"loc":{"start":{"line":121,"column":8},"end":{"line":121,"column":75}},"type":"binary-expr","locations":[{"start":{"line":121,"column":8},"end":{"line":121,"column":26}},{"start":{"line":121,"column":26},"end":{"line":121,"column":75}}],"line":121},"11":{"loc":{"start":{"line":127,"column":4},"end":{"line":154,"column":null}},"type":"if","locations":[{"start":{"line":127,"column":4},"end":{"line":154,"column":null}},{"start":{"line":151,"column":11},"end":{"line":154,"column":null}}],"line":127},"12":{"loc":{"start":{"line":147,"column":24},"end":{"line":147,"column":null}},"type":"binary-expr","locations":[{"start":{"line":147,"column":24},"end":{"line":147,"column":42}},{"start":{"line":147,"column":42},"end":{"line":147,"column":null}}],"line":147},"13":{"loc":{"start":{"line":159,"column":16},"end":{"line":159,"column":null}},"type":"binary-expr","locations":[{"start":{"line":159,"column":16},"end":{"line":159,"column":52}},{"start":{"line":159,"column":52},"end":{"line":159,"column":null}}],"line":159},"14":{"loc":{"start":{"line":160,"column":17},"end":{"line":160,"column":null}},"type":"binary-expr","locations":[{"start":{"line":160,"column":17},"end":{"line":160,"column":52}},{"start":{"line":160,"column":52},"end":{"line":160,"column":null}}],"line":160},"15":{"loc":{"start":{"line":279,"column":13},"end":{"line":280,"column":null}},"type":"binary-expr","locations":[{"start":{"line":279,"column":13},"end":{"line":279,"column":44}},{"start":{"line":279,"column":44},"end":{"line":280,"column":null}}],"line":279},"16":{"loc":{"start":{"line":282,"column":11},"end":{"line":1062,"column":null}},"type":"binary-expr","locations":[{"start":{"line":282,"column":11},"end":{"line":282,"column":null}},{"start":{"line":283,"column":12},"end":{"line":1062,"column":null}}],"line":282},"17":{"loc":{"start":{"line":312,"column":21},"end":{"line":312,"column":null}},"type":"binary-expr","locations":[{"start":{"line":312,"column":21},"end":{"line":312,"column":40}},{"start":{"line":312,"column":40},"end":{"line":312,"column":null}}],"line":312},"18":{"loc":{"start":{"line":329,"column":21},"end":{"line":329,"column":null}},"type":"binary-expr","locations":[{"start":{"line":329,"column":21},"end":{"line":329,"column":37}},{"start":{"line":329,"column":37},"end":{"line":329,"column":null}}],"line":329},"19":{"loc":{"start":{"line":346,"column":21},"end":{"line":346,"column":null}},"type":"binary-expr","locations":[{"start":{"line":346,"column":21},"end":{"line":346,"column":37}},{"start":{"line":346,"column":37},"end":{"line":346,"column":null}}],"line":346},"20":{"loc":{"start":{"line":407,"column":21},"end":{"line":407,"column":null}},"type":"binary-expr","locations":[{"start":{"line":407,"column":21},"end":{"line":407,"column":52}},{"start":{"line":407,"column":52},"end":{"line":407,"column":null}}],"line":407},"21":{"loc":{"start":{"line":424,"column":21},"end":{"line":424,"column":null}},"type":"binary-expr","locations":[{"start":{"line":424,"column":21},"end":{"line":424,"column":53}},{"start":{"line":424,"column":53},"end":{"line":424,"column":null}}],"line":424},"22":{"loc":{"start":{"line":465,"column":21},"end":{"line":465,"column":null}},"type":"binary-expr","locations":[{"start":{"line":465,"column":21},"end":{"line":465,"column":48}},{"start":{"line":465,"column":48},"end":{"line":465,"column":null}}],"line":465},"23":{"loc":{"start":{"line":468,"column":19},"end":{"line":484,"column":null}},"type":"binary-expr","locations":[{"start":{"line":468,"column":19},"end":{"line":468,"column":null}},{"start":{"line":469,"column":20},"end":{"line":484,"column":null}}],"line":468},"24":{"loc":{"start":{"line":483,"column":23},"end":{"line":483,"column":null}},"type":"binary-expr","locations":[{"start":{"line":483,"column":23},"end":{"line":483,"column":52}},{"start":{"line":483,"column":52},"end":{"line":483,"column":null}}],"line":483},"25":{"loc":{"start":{"line":506,"column":21},"end":{"line":506,"column":null}},"type":"binary-expr","locations":[{"start":{"line":506,"column":21},"end":{"line":506,"column":44}},{"start":{"line":506,"column":44},"end":{"line":506,"column":null}}],"line":506},"26":{"loc":{"start":{"line":551,"column":21},"end":{"line":552,"column":null}},"type":"binary-expr","locations":[{"start":{"line":551,"column":21},"end":{"line":551,"column":null}},{"start":{"line":552,"column":22},"end":{"line":552,"column":null}}],"line":551},"27":{"loc":{"start":{"line":570,"column":21},"end":{"line":570,"column":null}},"type":"binary-expr","locations":[{"start":{"line":570,"column":21},"end":{"line":570,"column":48}},{"start":{"line":570,"column":48},"end":{"line":570,"column":null}}],"line":570},"28":{"loc":{"start":{"line":600,"column":21},"end":{"line":600,"column":null}},"type":"binary-expr","locations":[{"start":{"line":600,"column":21},"end":{"line":600,"column":44}},{"start":{"line":600,"column":44},"end":{"line":600,"column":null}}],"line":600},"29":{"loc":{"start":{"line":625,"column":21},"end":{"line":625,"column":null}},"type":"binary-expr","locations":[{"start":{"line":625,"column":21},"end":{"line":625,"column":45}},{"start":{"line":625,"column":45},"end":{"line":625,"column":null}}],"line":625},"30":{"loc":{"start":{"line":646,"column":21},"end":{"line":646,"column":null}},"type":"binary-expr","locations":[{"start":{"line":646,"column":21},"end":{"line":646,"column":45}},{"start":{"line":646,"column":45},"end":{"line":646,"column":null}}],"line":646},"31":{"loc":{"start":{"line":668,"column":21},"end":{"line":668,"column":null}},"type":"binary-expr","locations":[{"start":{"line":668,"column":21},"end":{"line":668,"column":49}},{"start":{"line":668,"column":49},"end":{"line":668,"column":null}}],"line":668},"32":{"loc":{"start":{"line":707,"column":21},"end":{"line":707,"column":null}},"type":"binary-expr","locations":[{"start":{"line":707,"column":21},"end":{"line":707,"column":48}},{"start":{"line":707,"column":48},"end":{"line":707,"column":null}}],"line":707},"33":{"loc":{"start":{"line":738,"column":21},"end":{"line":738,"column":null}},"type":"binary-expr","locations":[{"start":{"line":738,"column":21},"end":{"line":738,"column":48}},{"start":{"line":738,"column":48},"end":{"line":738,"column":null}}],"line":738},"34":{"loc":{"start":{"line":771,"column":21},"end":{"line":771,"column":null}},"type":"binary-expr","locations":[{"start":{"line":771,"column":21},"end":{"line":771,"column":51}},{"start":{"line":771,"column":51},"end":{"line":771,"column":null}}],"line":771},"35":{"loc":{"start":{"line":796,"column":21},"end":{"line":796,"column":null}},"type":"binary-expr","locations":[{"start":{"line":796,"column":21},"end":{"line":796,"column":43}},{"start":{"line":796,"column":43},"end":{"line":796,"column":null}}],"line":796},"36":{"loc":{"start":{"line":813,"column":21},"end":{"line":813,"column":null}},"type":"binary-expr","locations":[{"start":{"line":813,"column":21},"end":{"line":813,"column":42}},{"start":{"line":813,"column":42},"end":{"line":813,"column":null}}],"line":813},"37":{"loc":{"start":{"line":844,"column":21},"end":{"line":844,"column":null}},"type":"binary-expr","locations":[{"start":{"line":844,"column":21},"end":{"line":844,"column":43}},{"start":{"line":844,"column":43},"end":{"line":844,"column":null}}],"line":844},"38":{"loc":{"start":{"line":866,"column":21},"end":{"line":866,"column":null}},"type":"binary-expr","locations":[{"start":{"line":866,"column":21},"end":{"line":866,"column":45}},{"start":{"line":866,"column":45},"end":{"line":866,"column":null}}],"line":866},"39":{"loc":{"start":{"line":899,"column":19},"end":{"line":900,"column":null}},"type":"binary-expr","locations":[{"start":{"line":899,"column":19},"end":{"line":899,"column":48}},{"start":{"line":899,"column":48},"end":{"line":900,"column":null}}],"line":899},"40":{"loc":{"start":{"line":917,"column":21},"end":{"line":917,"column":null}},"type":"binary-expr","locations":[{"start":{"line":917,"column":21},"end":{"line":917,"column":43}},{"start":{"line":917,"column":43},"end":{"line":917,"column":null}}],"line":917},"41":{"loc":{"start":{"line":933,"column":21},"end":{"line":933,"column":null}},"type":"binary-expr","locations":[{"start":{"line":933,"column":21},"end":{"line":933,"column":47}},{"start":{"line":933,"column":47},"end":{"line":933,"column":null}}],"line":933},"42":{"loc":{"start":{"line":950,"column":21},"end":{"line":950,"column":null}},"type":"binary-expr","locations":[{"start":{"line":950,"column":21},"end":{"line":950,"column":48}},{"start":{"line":950,"column":48},"end":{"line":950,"column":null}}],"line":950},"43":{"loc":{"start":{"line":1044,"column":19},"end":{"line":1044,"column":null}},"type":"cond-expr","locations":[{"start":{"line":1044,"column":48},"end":{"line":1044,"column":66}},{"start":{"line":1044,"column":66},"end":{"line":1044,"column":null}}],"line":1044},"44":{"loc":{"start":{"line":1048,"column":15},"end":{"line":1052,"column":null}},"type":"binary-expr","locations":[{"start":{"line":1048,"column":15},"end":{"line":1048,"column":null}},{"start":{"line":1049,"column":16},"end":{"line":1052,"column":null}}],"line":1048},"45":{"loc":{"start":{"line":1055,"column":15},"end":{"line":1058,"column":null}},"type":"binary-expr","locations":[{"start":{"line":1055,"column":15},"end":{"line":1055,"column":43}},{"start":{"line":1055,"column":43},"end":{"line":1055,"column":null}},{"start":{"line":1056,"column":16},"end":{"line":1058,"column":null}}],"line":1055}},"s":{"0":1,"1":0,"2":0,"3":0,"4":0,"5":0,"6":0,"7":0,"8":0,"9":0,"10":0,"11":0,"12":0,"13":0,"14":0,"15":0,"16":0,"17":0,"18":0,"19":0,"20":0,"21":0,"22":0,"23":0,"24":0,"25":0,"26":0,"27":0,"28":0,"29":0,"30":0,"31":0,"32":0,"33":0,"34":0,"35":0,"36":0,"37":0,"38":0,"39":0,"40":0,"41":0,"42":0,"43":0,"44":0,"45":0,"46":0,"47":0,"48":0,"49":0,"50":0,"51":0,"52":0,"53":0,"54":0,"55":0,"56":0,"57":0,"58":0,"59":0,"60":0,"61":0,"62":0,"63":0,"64":0,"65":0,"66":0,"67":0,"68":0,"69":0,"70":0,"71":0,"72":0,"73":0,"74":0,"75":0},"f":{"0":0,"1":0,"2":0,"3":0,"4":0,"5":0,"6":0,"7":0,"8":0,"9":0,"10":0,"11":0,"12":0,"13":0,"14":0,"15":0,"16":0,"17":0},"b":{"0":[0,0],"1":[0,0],"2":[0,0],"3":[0,0],"4":[0,0,0],"5":[0,0],"6":[0,0],"7":[0,0],"8":[0,0],"9":[0,0],"10":[0,0],"11":[0,0],"12":[0,0],"13":[0,0],"14":[0,0],"15":[0,0],"16":[0,0],"17":[0,0],"18":[0,0],"19":[0,0],"20":[0,0],"21":[0,0],"22":[0,0],"23":[0,0],"24":[0,0],"25":[0,0],"26":[0,0],"27":[0,0],"28":[0,0],"29":[0,0],"30":[0,0],"31":[0,0],"32":[0,0],"33":[0,0],"34":[0,0],"35":[0,0],"36":[0,0],"37":[0,0],"38":[0,0],"39":[0,0],"40":[0,0],"41":[0,0],"42":[0,0],"43":[0,0],"44":[0,0],"45":[0,0,0]},"meta":{"lastBranch":46,"lastFunction":18,"lastStatement":76,"seen":{"s:6:6:1070:Infinity":0,"f:6:6:6:27":0,"s:7:34:58:Infinity":1,"s:60:30:60:Infinity":2,"s:61:42:61:Infinity":3,"s:62:40:62:Infinity":4,"s:63:58:63:Infinity":5,"s:65:8:81:Infinity":6,"f:65:8:65:24":1,"s:66:43:66:Infinity":7,"b:68:4:75:Infinity:73:11:75:Infinity":0,"s:68:4:75:Infinity":8,"s:69:31:71:Infinity":9,"b:70:10:70:Infinity:71:10:71:Infinity":1,"f:71:37:71:45":2,"s:71:54:71:68":10,"s:72:6:72:Infinity":11,"f:72:6:72:19":3,"s:72:29:72:78":12,"s:74:6:74:Infinity":13,"f:74:6:74:19":4,"s:74:29:74:56":14,"b:78:4:80:Infinity:undefined:undefined:undefined:undefined":2,"s:78:4:80:Infinity":15,"s:79:6:79:Infinity":16,"f:79:6:79:17":5,"s:79:27:79:51":17,"s:83:23:155:Infinity":18,"f:83:23:83:30":6,"s:84:4:84:Infinity":19,"s:85:4:85:Infinity":20,"s:86:4:86:Infinity":21,"s:89:22:89:Infinity":22,"s:92:27:99:Infinity":23,"s:101:4:105:Infinity":24,"f:101:19:101:27":7,"b:102:6:104:Infinity:undefined:undefined:undefined:undefined":3,"s:102:6:104:Infinity":25,"b:102:10:102:31:102:31:102:70:102:70:102:102":4,"s:103:8:103:Infinity":26,"b:107:4:109:Infinity:undefined:undefined:undefined:undefined":5,"s:107:4:109:Infinity":27,"s:108:6:108:Infinity":28,"b:111:4:113:Infinity:undefined:undefined:undefined:undefined":6,"s:111:4:113:Infinity":29,"s:112:6:112:Infinity":30,"b:116:4:118:Infinity:undefined:undefined:undefined:undefined":7,"s:116:4:118:Infinity":31,"b:116:8:116:26:116:26:116:78":8,"s:117:6:117:Infinity":32,"b:121:4:123:Infinity:undefined:undefined:undefined:undefined":9,"s:121:4:123:Infinity":33,"b:121:8:121:26:121:26:121:75":10,"s:122:6:122:Infinity":34,"s:125:4:125:Infinity":35,"b:127:4:154:Infinity:151:11:154:Infinity":11,"s:127:4:154:Infinity":36,"s:128:6:128:Infinity":37,"s:129:6:150:Infinity":38,"s:130:8:130:Infinity":39,"s:131:8:131:Infinity":40,"s:134:24:134:Infinity":41,"s:135:20:135:Infinity":42,"s:136:18:136:Infinity":43,"s:137:8:137:Infinity":44,"s:138:8:138:Infinity":45,"s:139:8:139:Infinity":46,"s:140:8:140:Infinity":47,"s:141:8:141:Infinity":48,"s:142:8:142:Infinity":49,"s:144:8:144:Infinity":50,"s:146:8:146:Infinity":51,"s:147:24:147:Infinity":52,"b:147:24:147:42:147:42:147:Infinity":12,"s:148:8:148:Infinity":53,"s:149:8:149:Infinity":54,"s:152:6:152:Infinity":55,"s:153:6:153:Infinity":56,"s:158:8:162:Infinity":57,"f:158:8:158:33":8,"s:159:16:159:Infinity":58,"b:159:16:159:52:159:52:159:Infinity":13,"s:160:17:160:Infinity":59,"b:160:17:160:52:160:52:160:Infinity":14,"s:161:4:161:Infinity":60,"s:164:2:166:Infinity":61,"f:164:2:164:18":9,"s:165:4:165:Infinity":62,"f:165:4:165:16":10,"s:165:25:165:66":63,"s:168:26:180:Infinity":64,"s:182:23:182:Infinity":65,"s:183:30:183:Infinity":66,"s:184:31:184:Infinity":67,"s:186:2:1068:Infinity":68,"f:272:16:272:27":11,"s:272:33:272:Infinity":69,"b:279:13:279:44:279:44:280:Infinity":15,"b:282:11:282:Infinity:283:12:1062:Infinity":16,"b:312:21:312:40:312:40:312:Infinity":17,"b:329:21:329:37:329:37:329:Infinity":18,"b:346:21:346:37:346:37:346:Infinity":19,"b:407:21:407:52:407:52:407:Infinity":20,"b:424:21:424:53:424:53:424:Infinity":21,"b:465:21:465:48:465:48:465:Infinity":22,"b:468:19:468:Infinity:469:20:484:Infinity":23,"b:483:23:483:52:483:52:483:Infinity":24,"f:500:36:500:41":12,"s:501:24:503:Infinity":70,"b:506:21:506:44:506:44:506:Infinity":25,"f:537:40:537:45":13,"s:538:25:548:Infinity":71,"b:551:21:551:Infinity:552:22:552:Infinity":26,"b:570:21:570:48:570:48:570:Infinity":27,"f:594:43:594:48":14,"s:595:24:597:Infinity":72,"b:600:21:600:44:600:44:600:Infinity":28,"b:625:21:625:45:625:45:625:Infinity":29,"b:646:21:646:45:646:45:646:Infinity":30,"b:668:21:668:49:668:49:668:Infinity":31,"b:707:21:707:48:707:48:707:Infinity":32,"b:738:21:738:48:738:48:738:Infinity":33,"b:771:21:771:51:771:51:771:Infinity":34,"b:796:21:796:43:796:43:796:Infinity":35,"b:813:21:813:42:813:42:813:Infinity":36,"b:844:21:844:43:844:43:844:Infinity":37,"f:860:44:860:49":15,"s:861:24:863:Infinity":73,"b:866:21:866:45:866:45:866:Infinity":38,"f:891:22:891:33":16,"s:891:39:891:Infinity":74,"f:891:39:891:51":17,"s:891:60:891:110":75,"b:899:19:899:48:899:48:900:Infinity":39,"b:917:21:917:43:917:43:917:Infinity":40,"b:933:21:933:47:933:47:933:Infinity":41,"b:950:21:950:48:950:48:950:Infinity":42,"b:1044:48:1044:66:1044:66:1044:Infinity":43,"b:1048:15:1048:Infinity:1049:16:1052:Infinity":44,"b:1055:15:1055:43:1055:43:1055:Infinity:1056:16:1058:Infinity":45},"fnNames":{}}}
,"/home/kingsx/Projects/fythclothing/fyth-web/src/services/email.js": {"path":"/home/kingsx/Projects/fythclothing/fyth-web/src/services/email.js","statementMap":{"0":{"start":{"line":3,"column":0},"end":{"line":3,"column":null}},"1":{"start":{"line":5,"column":23},"end":{"line":29,"column":null}},"2":{"start":{"line":6,"column":19},"end":{"line":15,"column":null}},"3":{"start":{"line":17,"column":2},"end":{"line":28,"column":null}},"4":{"start":{"line":19,"column":21},"end":{"line":25,"column":null}},"5":{"start":{"line":21,"column":24},"end":{"line":21,"column":null}},"6":{"start":{"line":22,"column":10},"end":{"line":22,"column":null}},"7":{"start":{"line":22,"column":36},"end":{"line":22,"column":null}},"8":{"start":{"line":23,"column":10},"end":{"line":23,"column":null}},"9":{"start":{"line":26,"column":6},"end":{"line":26,"column":null}},"10":{"start":{"line":31,"column":37},"end":{"line":53,"column":null}},"11":{"start":{"line":32,"column":24},"end":{"line":32,"column":null}},"12":{"start":{"line":34,"column":2},"end":{"line":52,"column":null}},"13":{"start":{"line":35,"column":21},"end":{"line":46,"column":null}},"14":{"start":{"line":47,"column":4},"end":{"line":47,"column":null}},"15":{"start":{"line":48,"column":4},"end":{"line":48,"column":null}},"16":{"start":{"line":50,"column":4},"end":{"line":50,"column":null}},"17":{"start":{"line":51,"column":4},"end":{"line":51,"column":null}},"18":{"start":{"line":55,"column":36},"end":{"line":74,"column":null}},"19":{"start":{"line":56,"column":2},"end":{"line":73,"column":null}},"20":{"start":{"line":57,"column":21},"end":{"line":67,"column":null}},"21":{"start":{"line":68,"column":4},"end":{"line":68,"column":null}},"22":{"start":{"line":69,"column":4},"end":{"line":69,"column":null}},"23":{"start":{"line":71,"column":4},"end":{"line":71,"column":null}},"24":{"start":{"line":72,"column":4},"end":{"line":72,"column":null}}},"fnMap":{"0":{"name":"(anonymous_0)","decl":{"start":{"line":5,"column":23},"end":{"line":5,"column":24}},"loc":{"start":{"line":5,"column":37},"end":{"line":29,"column":null}},"line":5},"1":{"name":"(anonymous_1)","decl":{"start":{"line":18,"column":9},"end":{"line":18,"column":16}},"loc":{"start":{"line":18,"column":20},"end":{"line":27,"column":5}},"line":18},"2":{"name":"(anonymous_2)","decl":{"start":{"line":20,"column":13},"end":{"line":20,"column":18}},"loc":{"start":{"line":20,"column":22},"end":{"line":24,"column":9}},"line":20},"3":{"name":"(anonymous_3)","decl":{"start":{"line":31,"column":37},"end":{"line":31,"column":42}},"loc":{"start":{"line":31,"column":57},"end":{"line":53,"column":null}},"line":31},"4":{"name":"(anonymous_4)","decl":{"start":{"line":55,"column":36},"end":{"line":55,"column":41}},"loc":{"start":{"line":55,"column":56},"end":{"line":74,"column":null}},"line":55}},"branchMap":{"0":{"loc":{"start":{"line":22,"column":10},"end":{"line":22,"column":null}},"type":"if","locations":[{"start":{"line":22,"column":10},"end":{"line":22,"column":null}},{"start":{},"end":{}}],"line":22},"1":{"loc":{"start":{"line":23,"column":32},"end":{"line":23,"column":55}},"type":"binary-expr","locations":[{"start":{"line":23,"column":32},"end":{"line":23,"column":37}},{"start":{"line":23,"column":41},"end":{"line":23,"column":55}}],"line":23}},"s":{"0":1,"1":1,"2":0,"3":0,"4":0,"5":0,"6":0,"7":0,"8":0,"9":0,"10":1,"11":0,"12":0,"13":0,"14":0,"15":0,"16":0,"17":0,"18":1,"19":0,"20":0,"21":0,"22":0,"23":0,"24":0},"f":{"0":0,"1":0,"2":0,"3":0,"4":0},"b":{"0":[0,0],"1":[0,0]},"meta":{"lastBranch":2,"lastFunction":5,"lastStatement":25,"seen":{"s:3:0:3:Infinity":0,"s:5:23:29:Infinity":1,"f:5:23:5:24":0,"s:6:19:15:Infinity":2,"s:17:2:28:Infinity":3,"f:18:9:18:16":1,"s:19:21:25:Infinity":4,"f:20:13:20:18":2,"s:21:24:21:Infinity":5,"b:22:10:22:Infinity:undefined:undefined:undefined:undefined":0,"s:22:10:22:Infinity":6,"s:22:36:22:Infinity":7,"s:23:10:23:Infinity":8,"b:23:32:23:37:23:41:23:55":1,"s:26:6:26:Infinity":9,"s:31:37:53:Infinity":10,"f:31:37:31:42":3,"s:32:24:32:Infinity":11,"s:34:2:52:Infinity":12,"s:35:21:46:Infinity":13,"s:47:4:47:Infinity":14,"s:48:4:48:Infinity":15,"s:50:4:50:Infinity":16,"s:51:4:51:Infinity":17,"s:55:36:74:Infinity":18,"f:55:36:55:41":4,"s:56:2:73:Infinity":19,"s:57:21:67:Infinity":20,"s:68:4:68:Infinity":21,"s:69:4:69:Infinity":22,"s:71:4:71:Infinity":23,"s:72:4:72:Infinity":24},"fnNames":{}}}
,"/home/kingsx/Projects/fythclothing/fyth-web/src/utils/pdfGenerator.js": {"path":"/home/kingsx/Projects/fythclothing/fyth-web/src/utils/pdfGenerator.js","statementMap":{"0":{"start":{"line":3,"column":39},"end":{"line":106,"column":null}},"1":{"start":{"line":4,"column":14},"end":{"line":4,"column":null}},"2":{"start":{"line":5,"column":20},"end":{"line":5,"column":null}},"3":{"start":{"line":6,"column":10},"end":{"line":6,"column":null}},"4":{"start":{"line":8,"column":18},"end":{"line":13,"column":null}},"5":{"start":{"line":9,"column":4},"end":{"line":9,"column":null}},"6":{"start":{"line":10,"column":4},"end":{"line":10,"column":null}},"7":{"start":{"line":11,"column":4},"end":{"line":11,"column":null}},"8":{"start":{"line":12,"column":4},"end":{"line":12,"column":null}},"9":{"start":{"line":15,"column":18},"end":{"line":19,"column":null}},"10":{"start":{"line":16,"column":4},"end":{"line":16,"column":null}},"11":{"start":{"line":17,"column":4},"end":{"line":17,"column":null}},"12":{"start":{"line":18,"column":4},"end":{"line":18,"column":null}},"13":{"start":{"line":21,"column":21},"end":{"line":27,"column":null}},"14":{"start":{"line":22,"column":4},"end":{"line":22,"column":null}},"15":{"start":{"line":23,"column":4},"end":{"line":23,"column":null}},"16":{"start":{"line":24,"column":4},"end":{"line":24,"column":null}},"17":{"start":{"line":25,"column":4},"end":{"line":25,"column":null}},"18":{"start":{"line":26,"column":4},"end":{"line":26,"column":null}},"19":{"start":{"line":29,"column":19},"end":{"line":37,"column":null}},"20":{"start":{"line":30,"column":4},"end":{"line":30,"column":null}},"21":{"start":{"line":31,"column":4},"end":{"line":31,"column":null}},"22":{"start":{"line":32,"column":4},"end":{"line":32,"column":null}},"23":{"start":{"line":33,"column":4},"end":{"line":33,"column":null}},"24":{"start":{"line":34,"column":17},"end":{"line":34,"column":null}},"25":{"start":{"line":35,"column":4},"end":{"line":35,"column":null}},"26":{"start":{"line":36,"column":4},"end":{"line":36,"column":null}},"27":{"start":{"line":39,"column":2},"end":{"line":39,"column":null}},"28":{"start":{"line":40,"column":2},"end":{"line":40,"column":null}},"29":{"start":{"line":41,"column":2},"end":{"line":41,"column":null}},"30":{"start":{"line":42,"column":2},"end":{"line":42,"column":null}},"31":{"start":{"line":44,"column":2},"end":{"line":44,"column":null}},"32":{"start":{"line":45,"column":2},"end":{"line":45,"column":null}},"33":{"start":{"line":46,"column":2},"end":{"line":46,"column":null}},"34":{"start":{"line":47,"column":2},"end":{"line":47,"column":null}},"35":{"start":{"line":48,"column":2},"end":{"line":48,"column":null}},"36":{"start":{"line":49,"column":2},"end":{"line":49,"column":null}},"37":{"start":{"line":50,"column":2},"end":{"line":50,"column":null}},"38":{"start":{"line":51,"column":2},"end":{"line":51,"column":null}},"39":{"start":{"line":52,"column":2},"end":{"line":52,"column":null}},"40":{"start":{"line":54,"column":2},"end":{"line":54,"column":null}},"41":{"start":{"line":55,"column":2},"end":{"line":55,"column":null}},"42":{"start":{"line":56,"column":2},"end":{"line":56,"column":null}},"43":{"start":{"line":57,"column":2},"end":{"line":57,"column":null}},"44":{"start":{"line":58,"column":2},"end":{"line":58,"column":null}},"45":{"start":{"line":60,"column":2},"end":{"line":60,"column":null}},"46":{"start":{"line":61,"column":20},"end":{"line":61,"column":null}},"47":{"start":{"line":62,"column":2},"end":{"line":62,"column":null}},"48":{"start":{"line":63,"column":2},"end":{"line":63,"column":null}},"49":{"start":{"line":65,"column":2},"end":{"line":65,"column":null}},"50":{"start":{"line":66,"column":2},"end":{"line":66,"column":null}},"51":{"start":{"line":67,"column":2},"end":{"line":67,"column":null}},"52":{"start":{"line":68,"column":2},"end":{"line":68,"column":null}},"53":{"start":{"line":69,"column":2},"end":{"line":69,"column":null}},"54":{"start":{"line":71,"column":2},"end":{"line":71,"column":null}},"55":{"start":{"line":72,"column":2},"end":{"line":72,"column":null}},"56":{"start":{"line":73,"column":2},"end":{"line":73,"column":null}},"57":{"start":{"line":74,"column":2},"end":{"line":74,"column":null}},"58":{"start":{"line":76,"column":2},"end":{"line":76,"column":null}},"59":{"start":{"line":77,"column":2},"end":{"line":77,"column":null}},"60":{"start":{"line":78,"column":2},"end":{"line":78,"column":null}},"61":{"start":{"line":79,"column":2},"end":{"line":79,"column":null}},"62":{"start":{"line":80,"column":2},"end":{"line":80,"column":null}},"63":{"start":{"line":81,"column":2},"end":{"line":81,"column":null}},"64":{"start":{"line":83,"column":2},"end":{"line":83,"column":null}},"65":{"start":{"line":84,"column":2},"end":{"line":84,"column":null}},"66":{"start":{"line":85,"column":2},"end":{"line":85,"column":null}},"67":{"start":{"line":86,"column":2},"end":{"line":86,"column":null}},"68":{"start":{"line":87,"column":2},"end":{"line":87,"column":null}},"69":{"start":{"line":89,"column":2},"end":{"line":92,"column":null}},"70":{"start":{"line":90,"column":4},"end":{"line":90,"column":null}},"71":{"start":{"line":91,"column":4},"end":{"line":91,"column":null}},"72":{"start":{"line":94,"column":2},"end":{"line":94,"column":null}},"73":{"start":{"line":95,"column":2},"end":{"line":95,"column":null}},"74":{"start":{"line":96,"column":2},"end":{"line":96,"column":null}},"75":{"start":{"line":97,"column":2},"end":{"line":97,"column":null}},"76":{"start":{"line":98,"column":2},"end":{"line":98,"column":null}},"77":{"start":{"line":99,"column":2},"end":{"line":99,"column":null}},"78":{"start":{"line":101,"column":2},"end":{"line":101,"column":null}},"79":{"start":{"line":102,"column":2},"end":{"line":102,"column":null}},"80":{"start":{"line":103,"column":2},"end":{"line":103,"column":null}},"81":{"start":{"line":105,"column":2},"end":{"line":105,"column":null}}},"fnMap":{"0":{"name":"(anonymous_0)","decl":{"start":{"line":3,"column":39},"end":{"line":3,"column":40}},"loc":{"start":{"line":3,"column":53},"end":{"line":106,"column":null}},"line":3},"1":{"name":"(anonymous_1)","decl":{"start":{"line":8,"column":18},"end":{"line":8,"column":19}},"loc":{"start":{"line":8,"column":66},"end":{"line":13,"column":null}},"line":8},"2":{"name":"(anonymous_2)","decl":{"start":{"line":15,"column":18},"end":{"line":15,"column":19}},"loc":{"start":{"line":15,"column":24},"end":{"line":19,"column":null}},"line":15},"3":{"name":"(anonymous_3)","decl":{"start":{"line":21,"column":21},"end":{"line":21,"column":22}},"loc":{"start":{"line":21,"column":32},"end":{"line":27,"column":null}},"line":21},"4":{"name":"(anonymous_4)","decl":{"start":{"line":29,"column":19},"end":{"line":29,"column":20}},"loc":{"start":{"line":29,"column":37},"end":{"line":37,"column":null}},"line":29}},"branchMap":{"0":{"loc":{"start":{"line":8,"column":25},"end":{"line":8,"column":38}},"type":"default-arg","locations":[{"start":{"line":8,"column":36},"end":{"line":8,"column":38}}],"line":8},"1":{"loc":{"start":{"line":8,"column":40},"end":{"line":8,"column":61}},"type":"default-arg","locations":[{"start":{"line":8,"column":53},"end":{"line":8,"column":61}}],"line":8},"2":{"loc":{"start":{"line":34,"column":17},"end":{"line":34,"column":null}},"type":"binary-expr","locations":[{"start":{"line":34,"column":17},"end":{"line":34,"column":22}},{"start":{"line":34,"column":26},"end":{"line":34,"column":null}}],"line":34},"3":{"loc":{"start":{"line":61,"column":20},"end":{"line":61,"column":null}},"type":"cond-expr","locations":[{"start":{"line":61,"column":64},"end":{"line":61,"column":101}},{"start":{"line":61,"column":104},"end":{"line":61,"column":null}}],"line":61},"4":{"loc":{"start":{"line":77,"column":27},"end":{"line":77,"column":81}},"type":"cond-expr","locations":[{"start":{"line":77,"column":50},"end":{"line":77,"column":76}},{"start":{"line":77,"column":79},"end":{"line":77,"column":81}}],"line":77},"5":{"loc":{"start":{"line":78,"column":26},"end":{"line":78,"column":78}},"type":"cond-expr","locations":[{"start":{"line":78,"column":48},"end":{"line":78,"column":73}},{"start":{"line":78,"column":76},"end":{"line":78,"column":78}}],"line":78},"6":{"loc":{"start":{"line":79,"column":22},"end":{"line":79,"column":68}},"type":"cond-expr","locations":[{"start":{"line":79,"column":41},"end":{"line":79,"column":63}},{"start":{"line":79,"column":66},"end":{"line":79,"column":68}}],"line":79},"7":{"loc":{"start":{"line":87,"column":30},"end":{"line":87,"column":72}},"type":"cond-expr","locations":[{"start":{"line":87,"column":60},"end":{"line":87,"column":65}},{"start":{"line":87,"column":68},"end":{"line":87,"column":72}}],"line":87},"8":{"loc":{"start":{"line":89,"column":2},"end":{"line":92,"column":null}},"type":"if","locations":[{"start":{"line":89,"column":2},"end":{"line":92,"column":null}},{"start":{},"end":{}}],"line":89}},"s":{"0":1,"1":0,"2":0,"3":0,"4":0,"5":0,"6":0,"7":0,"8":0,"9":0,"10":0,"11":0,"12":0,"13":0,"14":0,"15":0,"16":0,"17":0,"18":0,"19":0,"20":0,"21":0,"22":0,"23":0,"24":0,"25":0,"26":0,"27":0,"28":0,"29":0,"30":0,"31":0,"32":0,"33":0,"34":0,"35":0,"36":0,"37":0,"38":0,"39":0,"40":0,"41":0,"42":0,"43":0,"44":0,"45":0,"46":0,"47":0,"48":0,"49":0,"50":0,"51":0,"52":0,"53":0,"54":0,"55":0,"56":0,"57":0,"58":0,"59":0,"60":0,"61":0,"62":0,"63":0,"64":0,"65":0,"66":0,"67":0,"68":0,"69":0,"70":0,"71":0,"72":0,"73":0,"74":0,"75":0,"76":0,"77":0,"78":0,"79":0,"80":0,"81":0},"f":{"0":0,"1":0,"2":0,"3":0,"4":0},"b":{"0":[0],"1":[0],"2":[0,0],"3":[0,0],"4":[0,0],"5":[0,0],"6":[0,0],"7":[0,0],"8":[0,0]},"meta":{"lastBranch":9,"lastFunction":5,"lastStatement":82,"seen":{"s:3:39:106:Infinity":0,"f:3:39:3:40":0,"s:4:14:4:Infinity":1,"s:5:20:5:Infinity":2,"s:6:10:6:Infinity":3,"s:8:18:13:Infinity":4,"f:8:18:8:19":1,"b:8:36:8:38":0,"b:8:53:8:61":1,"s:9:4:9:Infinity":5,"s:10:4:10:Infinity":6,"s:11:4:11:Infinity":7,"s:12:4:12:Infinity":8,"s:15:18:19:Infinity":9,"f:15:18:15:19":2,"s:16:4:16:Infinity":10,"s:17:4:17:Infinity":11,"s:18:4:18:Infinity":12,"s:21:21:27:Infinity":13,"f:21:21:21:22":3,"s:22:4:22:Infinity":14,"s:23:4:23:Infinity":15,"s:24:4:24:Infinity":16,"s:25:4:25:Infinity":17,"s:26:4:26:Infinity":18,"s:29:19:37:Infinity":19,"f:29:19:29:20":4,"s:30:4:30:Infinity":20,"s:31:4:31:Infinity":21,"s:32:4:32:Infinity":22,"s:33:4:33:Infinity":23,"s:34:17:34:Infinity":24,"b:34:17:34:22:34:26:34:Infinity":2,"s:35:4:35:Infinity":25,"s:36:4:36:Infinity":26,"s:39:2:39:Infinity":27,"s:40:2:40:Infinity":28,"s:41:2:41:Infinity":29,"s:42:2:42:Infinity":30,"s:44:2:44:Infinity":31,"s:45:2:45:Infinity":32,"s:46:2:46:Infinity":33,"s:47:2:47:Infinity":34,"s:48:2:48:Infinity":35,"s:49:2:49:Infinity":36,"s:50:2:50:Infinity":37,"s:51:2:51:Infinity":38,"s:52:2:52:Infinity":39,"s:54:2:54:Infinity":40,"s:55:2:55:Infinity":41,"s:56:2:56:Infinity":42,"s:57:2:57:Infinity":43,"s:58:2:58:Infinity":44,"s:60:2:60:Infinity":45,"s:61:20:61:Infinity":46,"b:61:64:61:101:61:104:61:Infinity":3,"s:62:2:62:Infinity":47,"s:63:2:63:Infinity":48,"s:65:2:65:Infinity":49,"s:66:2:66:Infinity":50,"s:67:2:67:Infinity":51,"s:68:2:68:Infinity":52,"s:69:2:69:Infinity":53,"s:71:2:71:Infinity":54,"s:72:2:72:Infinity":55,"s:73:2:73:Infinity":56,"s:74:2:74:Infinity":57,"s:76:2:76:Infinity":58,"s:77:2:77:Infinity":59,"b:77:50:77:76:77:79:77:81":4,"s:78:2:78:Infinity":60,"b:78:48:78:73:78:76:78:78":5,"s:79:2:79:Infinity":61,"b:79:41:79:63:79:66:79:68":6,"s:80:2:80:Infinity":62,"s:81:2:81:Infinity":63,"s:83:2:83:Infinity":64,"s:84:2:84:Infinity":65,"s:85:2:85:Infinity":66,"s:86:2:86:Infinity":67,"s:87:2:87:Infinity":68,"b:87:60:87:65:87:68:87:72":7,"b:89:2:92:Infinity:undefined:undefined:undefined:undefined":8,"s:89:2:92:Infinity":69,"s:90:4:90:Infinity":70,"s:91:4:91:Infinity":71,"s:94:2:94:Infinity":72,"s:95:2:95:Infinity":73,"s:96:2:96:Infinity":74,"s:97:2:97:Infinity":75,"s:98:2:98:Infinity":76,"s:99:2:99:Infinity":77,"s:101:2:101:Infinity":78,"s:102:2:102:Infinity":79,"s:103:2:103:Infinity":80,"s:105:2:105:Infinity":81},"fnNames":{}}}
}
